{"/Users/dariokozicki/Documents/Github/blackmarket-nodejs/src/app.controller.ts": {"path":"/Users/dariokozicki/Documents/Github/blackmarket-nodejs/src/app.controller.ts","statementMap":{"0":{"start":{"line":1,"column":0},"end":{"line":1,"column":49}},"1":{"start":{"line":2,"column":0},"end":{"line":2,"column":43}},"2":{"start":{"line":5,"column":0},"end":{"line":12,"column":null}},"3":{"start":{"line":6,"column":31},"end":{"line":6,"column":43}},"4":{"start":{"line":10,"column":4},"end":{"line":10,"column":38}},"5":{"start":{"line":9,"column":2},"end":{"line":11,"column":null}},"6":{"start":{"line":5,"column":13},"end":{"line":12,"column":null}},"7":{"start":{"line":5,"column":13},"end":{"line":5,"column":26}}},"fnMap":{"0":{"name":"(anonymous_2)","decl":{"start":{"line":6,"column":2},"end":{"line":6,"column":31}},"loc":{"start":{"line":6,"column":53},"end":{"line":6,"column":57}}},"1":{"name":"(anonymous_3)","decl":{"start":{"line":9,"column":2},"end":{"line":9,"column":10}},"loc":{"start":{"line":9,"column":10},"end":{"line":11,"column":3}}}},"branchMap":{},"s":{"0":1,"1":1,"2":1,"3":1,"4":1,"5":1,"6":1,"7":1},"f":{"0":1,"1":1},"b":{}}
,"/Users/dariokozicki/Documents/Github/blackmarket-nodejs/src/app.service.ts": {"path":"/Users/dariokozicki/Documents/Github/blackmarket-nodejs/src/app.service.ts","statementMap":{"0":{"start":{"line":1,"column":0},"end":{"line":1,"column":44}},"1":{"start":{"line":4,"column":0},"end":{"line":8,"column":null}},"2":{"start":{"line":6,"column":4},"end":{"line":6,"column":26}},"3":{"start":{"line":4,"column":13},"end":{"line":8,"column":null}},"4":{"start":{"line":4,"column":13},"end":{"line":4,"column":23}}},"fnMap":{"0":{"name":"(anonymous_1)","decl":{"start":{"line":5,"column":2},"end":{"line":5,"column":10}},"loc":{"start":{"line":5,"column":10},"end":{"line":7,"column":3}}}},"branchMap":{},"s":{"0":1,"1":1,"2":1,"3":1,"4":1},"f":{"0":1},"b":{}}
,"/Users/dariokozicki/Documents/Github/blackmarket-nodejs/src/categories/controllers/categories.controller.ts": {"path":"/Users/dariokozicki/Documents/Github/blackmarket-nodejs/src/categories/controllers/categories.controller.ts","statementMap":{"0":{"start":{"line":2,"column":0},"end":{"line":2,"column":76}},"1":{"start":{"line":3,"column":0},"end":{"line":3,"column":49}},"2":{"start":{"line":6,"column":0},"end":{"line":13,"column":null}},"3":{"start":{"line":7,"column":31},"end":{"line":7,"column":50}},"4":{"start":{"line":11,"column":4},"end":{"line":11,"column":44}},"5":{"start":{"line":10,"column":2},"end":{"line":12,"column":null}},"6":{"start":{"line":6,"column":13},"end":{"line":13,"column":null}},"7":{"start":{"line":6,"column":13},"end":{"line":6,"column":33}}},"fnMap":{"0":{"name":"(anonymous_2)","decl":{"start":{"line":7,"column":2},"end":{"line":7,"column":31}},"loc":{"start":{"line":7,"column":67},"end":{"line":7,"column":71}}},"1":{"name":"(anonymous_3)","decl":{"start":{"line":10,"column":2},"end":{"line":10,"column":7}},"loc":{"start":{"line":10,"column":15},"end":{"line":12,"column":3}}}},"branchMap":{},"s":{"0":1,"1":1,"2":1,"3":1,"4":1,"5":1,"6":1,"7":1},"f":{"0":1,"1":1},"b":{}}
,"/Users/dariokozicki/Documents/Github/blackmarket-nodejs/src/categories/services/categories.service.ts": {"path":"/Users/dariokozicki/Documents/Github/blackmarket-nodejs/src/categories/services/categories.service.ts","statementMap":{"0":{"start":{"line":1,"column":0},"end":{"line":1,"column":70}},"1":{"start":{"line":2,"column":0},"end":{"line":2,"column":44}},"2":{"start":{"line":3,"column":0},"end":{"line":3,"column":51}},"3":{"start":{"line":4,"column":0},"end":{"line":4,"column":37}},"4":{"start":{"line":7,"column":0},"end":{"line":21,"column":null}},"5":{"start":{"line":10,"column":12},"end":{"line":10,"column":34}},"6":{"start":{"line":14,"column":4},"end":{"line":19,"column":7}},"7":{"start":{"line":7,"column":13},"end":{"line":21,"column":null}},"8":{"start":{"line":7,"column":13},"end":{"line":7,"column":30}}},"fnMap":{"0":{"name":"(anonymous_4)","decl":{"start":{"line":8,"column":2},"end":{"line":8,"column":null}},"loc":{"start":{"line":10,"column":54},"end":{"line":11,"column":6}}},"1":{"name":"(anonymous_5)","decl":{"start":{"line":13,"column":2},"end":{"line":13,"column":9}},"loc":{"start":{"line":13,"column":9},"end":{"line":20,"column":3}}}},"branchMap":{},"s":{"0":2,"1":2,"2":2,"3":2,"4":2,"5":2,"6":1,"7":2,"8":2},"f":{"0":2,"1":1},"b":{}}
,"/Users/dariokozicki/Documents/Github/blackmarket-nodejs/src/products/controllers/products.controller.ts": {"path":"/Users/dariokozicki/Documents/Github/blackmarket-nodejs/src/products/controllers/products.controller.ts","statementMap":{"0":{"start":{"line":1,"column":0},"end":{"line":1,"column":null}},"1":{"start":{"line":13,"column":0},"end":{"line":13,"column":71}},"2":{"start":{"line":14,"column":0},"end":{"line":14,"column":70}},"3":{"start":{"line":17,"column":0},"end":{"line":33,"column":null}},"4":{"start":{"line":18,"column":31},"end":{"line":18,"column":48}},"5":{"start":{"line":23,"column":4},"end":{"line":23,"column":48}},"6":{"start":{"line":28,"column":25},"end":{"line":28,"column":69}},"7":{"start":{"line":30,"column":4},"end":{"line":31,"column":76}},"8":{"start":{"line":31,"column":6},"end":{"line":31,"column":76}},"9":{"start":{"line":22,"column":2},"end":{"line":24,"column":null}},"10":{"start":{"line":27,"column":2},"end":{"line":32,"column":null}},"11":{"start":{"line":17,"column":13},"end":{"line":33,"column":null}},"12":{"start":{"line":17,"column":13},"end":{"line":17,"column":31}}},"fnMap":{"0":{"name":"(anonymous_4)","decl":{"start":{"line":18,"column":2},"end":{"line":18,"column":31}},"loc":{"start":{"line":18,"column":63},"end":{"line":18,"column":67}}},"1":{"name":"(anonymous_5)","decl":{"start":{"line":22,"column":2},"end":{"line":22,"column":9}},"loc":{"start":{"line":22,"column":41},"end":{"line":24,"column":3}}},"2":{"name":"(anonymous_6)","decl":{"start":{"line":27,"column":2},"end":{"line":27,"column":7}},"loc":{"start":{"line":27,"column":59},"end":{"line":32,"column":3}}}},"branchMap":{"0":{"loc":{"start":{"line":30,"column":4},"end":{"line":31,"column":76}},"type":"if","locations":[{"start":{"line":30,"column":4},"end":{"line":31,"column":76}}]}},"s":{"0":1,"1":1,"2":1,"3":1,"4":3,"5":1,"6":2,"7":2,"8":1,"9":1,"10":1,"11":1,"12":1},"f":{"0":3,"1":1,"2":2},"b":{"0":[1]}}
,"/Users/dariokozicki/Documents/Github/blackmarket-nodejs/src/products/services/products.service.ts": {"path":"/Users/dariokozicki/Documents/Github/blackmarket-nodejs/src/products/services/products.service.ts","statementMap":{"0":{"start":{"line":1,"column":0},"end":{"line":1,"column":44}},"1":{"start":{"line":2,"column":0},"end":{"line":2,"column":51}},"2":{"start":{"line":3,"column":0},"end":{"line":3,"column":66}},"3":{"start":{"line":5,"column":0},"end":{"line":5,"column":62}},"4":{"start":{"line":8,"column":0},"end":{"line":46,"column":null}},"5":{"start":{"line":11,"column":12},"end":{"line":11,"column":32}},"6":{"start":{"line":21,"column":29},"end":{"line":27,"column":6}},"7":{"start":{"line":28,"column":24},"end":{"line":33,"column":31}},"8":{"start":{"line":29,"column":45},"end":{"line":31,"column":null}},"9":{"start":{"line":35,"column":4},"end":{"line":40,"column":7}},"10":{"start":{"line":44,"column":4},"end":{"line":44,"column":61}},"11":{"start":{"line":8,"column":13},"end":{"line":46,"column":null}},"12":{"start":{"line":8,"column":13},"end":{"line":8,"column":28}}},"fnMap":{"0":{"name":"(anonymous_4)","decl":{"start":{"line":9,"column":2},"end":{"line":9,"column":null}},"loc":{"start":{"line":11,"column":51},"end":{"line":12,"column":6}}},"1":{"name":"(anonymous_5)","decl":{"start":{"line":14,"column":2},"end":{"line":14,"column":9}},"loc":{"start":{"line":20,"column":19},"end":{"line":41,"column":3}}},"2":{"name":"(anonymous_6)","decl":{"start":{"line":29,"column":36},"end":{"line":29,"column":37}},"loc":{"start":{"line":29,"column":45},"end":{"line":31,"column":null}}},"3":{"name":"(anonymous_7)","decl":{"start":{"line":43,"column":2},"end":{"line":43,"column":8}},"loc":{"start":{"line":43,"column":26},"end":{"line":45,"column":3}}}},"branchMap":{"0":{"loc":{"start":{"line":21,"column":29},"end":{"line":27,"column":6}},"type":"binary-expr","locations":[{"start":{"line":21,"column":29},"end":{"line":21,"column":39}},{"start":{"line":21,"column":43},"end":{"line":27,"column":6}}]},"1":{"loc":{"start":{"line":28,"column":24},"end":{"line":33,"column":31}},"type":"cond-expr","locations":[{"start":{"line":29,"column":8},"end":{"line":32,"column":11}},{"start":{"line":33,"column":7},"end":{"line":33,"column":31}}]}},"s":{"0":2,"1":2,"2":2,"3":2,"4":2,"5":2,"6":2,"7":2,"8":2,"9":2,"10":0,"11":2,"12":2},"f":{"0":2,"1":2,"2":2,"3":0},"b":{"0":[2,2],"1":[1,1]}}
,"/Users/dariokozicki/Documents/Github/blackmarket-nodejs/src/roles/models/enums/role.enum.ts": {"path":"/Users/dariokozicki/Documents/Github/blackmarket-nodejs/src/roles/models/enums/role.enum.ts","statementMap":{"0":{"start":{"line":1,"column":0},"end":{"line":1,"column":null}},"1":{"start":{"line":2,"column":2},"end":{"line":2,"column":null}},"2":{"start":{"line":3,"column":2},"end":{"line":3,"column":null}}},"fnMap":{"0":{"name":"(anonymous_0)","decl":{"start":{"line":1,"column":0},"end":{"line":1,"column":12}},"loc":{"start":{"line":1,"column":16},"end":{"line":4,"column":1}}}},"branchMap":{"0":{"loc":{"start":{"line":1,"column":12},"end":{"line":1,"column":null}},"type":"binary-expr","locations":[{"start":{"line":1,"column":12},"end":{"line":1,"column":16}},{"start":{"line":1,"column":12},"end":{"line":1,"column":null}}]}},"s":{"0":1,"1":1,"2":1},"f":{"0":1},"b":{"0":[1,1]}}
}
